<?xml version="1.0" encoding="UTF-8"?>
<!-- Generated by org.testng.reporters.JUnitReportReporter -->
<testsuite hostname="DESKTOP-2MO4JTO" name="com.qa.test.GetAPITest" tests="2" failures="0" timestamp="19 Nov 2019 19:57:45 GMT" time="1.151" errors="0">
  <testcase name="getAPItestwithheader" time="0.932" classname="com.qa.test.GetAPITest"/>
  <testcase name="getAPItestwithoutheader" time="0.219" classname="com.qa.test.GetAPITest"/>
</testsuite> <!-- com.qa.test.GetAPITest -->
